# JRE version: OpenJDK Runtime Environment Temurin-21.0.6+7 (21.0.6+7) (build 21.0.6+7-LTS)
# Java VM: OpenJDK 64-Bit Server VM Temurin-21.0.6+7 (21.0.6+7-LTS, mixed mode, sharing, tiered, compressed oops, compressed class ptrs, parallel gc, windows-amd64)
GC Precious Log:
 CardTable entry size: 512
 CPUs: 4 total, 4 available
 Memory: 3830M
 Large Page Support: Disabled
 NUMA Support: Disabled
 Compressed Oops: Enabled (32-bit)
 Alignments: Space 512K, Generation 512K, Heap 2M
 Heap Min Capacity: 100M
 Heap Initial Capacity: 100M
 Heap Max Capacity: 1G
 Pre-touch: Disabled
 Parallel Workers: 4
Heap:
 PSYoungGen      total 5632K, used 1649K [0x00000000eab00000, 0x00000000eb800000, 0x0000000100000000)
  eden space 5120K, 22% used [0x00000000eab00000,0x00000000eac23580,0x00000000eb000000)
  from space 512K, 94% used [0x00000000eb780000,0x00000000eb7f9210,0x00000000eb800000)
  to   space 1024K, 0% used [0x00000000eb600000,0x00000000eb600000,0x00000000eb700000)
 ParOldGen       total 590336K, used 590188K [0x00000000c0000000, 0x00000000e4080000, 0x00000000eab00000)
  object space 590336K, 99% used [0x00000000c0000000,0x00000000e405b048,0x00000000e4080000)
 Metaspace       used 95492K, committed 97344K, reserved 1179648K
  class space    used 9829K, committed 10688K, reserved 1048576K
GC Heap History (20 events):
Event: 762.997 GC heap before
{Heap before GC invocations=1558 (full 6):
 PSYoungGen      total 6144K, used 5610K [0x00000000eab00000, 0x00000000eb280000, 0x0000000100000000)
  eden space 5120K, 99% used [0x00000000eab00000,0x00000000eaffab30,0x00000000eb000000)
  from space 1024K, 50% used [0x00000000eb100000,0x00000000eb180000,0x00000000eb200000)
  to   space 1024K, 0% used [0x00000000eb000000,0x00000000eb000000,0x00000000eb100000)
 ParOldGen       total 538112K, used 537672K [0x00000000c0000000, 0x00000000e0d80000, 0x00000000eab00000)
  object space 538112K, 99% used [0x00000000c0000000,0x00000000e0d12028,0x00000000e0d80000)
 Metaspace       used 95432K, committed 97280K, reserved 1179648K
  class space    used 9827K, committed 10688K, reserved 1048576K
}
Event: 763.008 GC heap after
{Heap after GC invocations=1558 (full 6):
 PSYoungGen      total 6144K, used 1014K [0x00000000eab00000, 0x00000000eb400000, 0x0000000100000000)
  eden space 5120K, 0% used [0x00000000eab00000,0x00000000eab00000,0x00000000eb000000)
  from space 1024K, 99% used [0x00000000eb000000,0x00000000eb0fd970,0x00000000eb100000)
  to   space 2048K, 0% used [0x00000000eb200000,0x00000000eb200000,0x00000000eb400000)
 ParOldGen       total 538624K, used 538196K [0x00000000c0000000, 0x00000000e0e00000, 0x00000000eab00000)
  object space 538624K, 99% used [0x00000000c0000000,0x00000000e0d95058,0x00000000e0e00000)
 Metaspace       used 95432K, committed 97280K, reserved 1179648K
  class space    used 9827K, committed 10688K, reserved 1048576K
}
Event: 765.014 GC heap before
{Heap before GC invocations=1559 (full 6):
 PSYoungGen      total 6144K, used 6134K [0x00000000eab00000, 0x00000000eb400000, 0x0000000100000000)
  eden space 5120K, 100% used [0x00000000eab00000,0x00000000eb000000,0x00000000eb000000)
  from space 1024K, 99% used [0x00000000eb000000,0x00000000eb0fd970,0x00000000eb100000)
  to   space 2048K, 0% used [0x00000000eb200000,0x00000000eb200000,0x00000000eb400000)
 ParOldGen       total 538624K, used 538196K [0x00000000c0000000, 0x00000000e0e00000, 0x00000000eab00000)
  object space 538624K, 99% used [0x00000000c0000000,0x00000000e0d95058,0x00000000e0e00000)
 Metaspace       used 95456K, committed 97344K, reserved 1179648K
  class space    used 9828K, committed 10688K, reserved 1048576K
}
Event: 765.108 GC heap after
{Heap after GC invocations=1559 (full 6):
 PSYoungGen      total 7168K, used 1540K [0x00000000eab00000, 0x00000000eb400000, 0x0000000100000000)
  eden space 5120K, 0% used [0x00000000eab00000,0x00000000eab00000,0x00000000eb000000)
  from space 2048K, 75% used [0x00000000eb200000,0x00000000eb3810d0,0x00000000eb400000)
  to   space 2048K, 0% used [0x00000000eb000000,0x00000000eb000000,0x00000000eb200000)
 ParOldGen       total 539136K, used 538744K [0x00000000c0000000, 0x00000000e0e80000, 0x00000000eab00000)
  object space 539136K, 99% used [0x00000000c0000000,0x00000000e0e1e288,0x00000000e0e80000)
 Metaspace       used 95456K, committed 97344K, reserved 1179648K
  class space    used 9828K, committed 10688K, reserved 1048576K
}
Event: 766.757 GC heap before
{Heap before GC invocations=1560 (full 6):
 PSYoungGen      total 7168K, used 6660K [0x00000000eab00000, 0x00000000eb400000, 0x0000000100000000)
  eden space 5120K, 100% used [0x00000000eab00000,0x00000000eb000000,0x00000000eb000000)
  from space 2048K, 75% used [0x00000000eb200000,0x00000000eb3810d0,0x00000000eb400000)
  to   space 2048K, 0% used [0x00000000eb000000,0x00000000eb000000,0x00000000eb200000)
 ParOldGen       total 539136K, used 538744K [0x00000000c0000000, 0x00000000e0e80000, 0x00000000eab00000)
  object space 539136K, 99% used [0x00000000c0000000,0x00000000e0e1e288,0x00000000e0e80000)
 Metaspace       used 95456K, committed 97344K, reserved 1179648K
  class space    used 9828K, committed 10688K, reserved 1048576K
}
Event: 766.773 GC heap after
{Heap after GC invocations=1560 (full 6):
 PSYoungGen      total 7168K, used 2048K [0x00000000eab00000, 0x00000000ebe00000, 0x0000000100000000)
  eden space 5120K, 0% used [0x00000000eab00000,0x00000000eab00000,0x00000000eb000000)
  from space 2048K, 100% used [0x00000000eb000000,0x00000000eb200000,0x00000000eb200000)
  to   space 7168K, 0% used [0x00000000eb700000,0x00000000eb700000,0x00000000ebe00000)
 ParOldGen       total 543232K, used 542904K [0x00000000c0000000, 0x00000000e1280000, 0x00000000eab00000)
  object space 543232K, 99% used [0x00000000c0000000,0x00000000e122e378,0x00000000e1280000)
 Metaspace       used 95456K, committed 97344K, reserved 1179648K
  class space    used 9828K, committed 10688K, reserved 1048576K
}
Event: 767.168 GC heap before
{Heap before GC invocations=1561 (full 6):
 PSYoungGen      total 7168K, used 7168K [0x00000000eab00000, 0x00000000ebe00000, 0x0000000100000000)
  eden space 5120K, 100% used [0x00000000eab00000,0x00000000eb000000,0x00000000eb000000)
  from space 2048K, 100% used [0x00000000eb000000,0x00000000eb200000,0x00000000eb200000)
  to   space 7168K, 0% used [0x00000000eb700000,0x00000000eb700000,0x00000000ebe00000)
 ParOldGen       total 543232K, used 542904K [0x00000000c0000000, 0x00000000e1280000, 0x00000000eab00000)
  object space 543232K, 99% used [0x00000000c0000000,0x00000000e122e378,0x00000000e1280000)
 Metaspace       used 95456K, committed 97344K, reserved 1179648K
  class space    used 9828K, committed 10688K, reserved 1048576K
}
Event: 767.178 GC heap after
{Heap after GC invocations=1561 (full 6):
 PSYoungGen      total 10240K, used 4776K [0x00000000eab00000, 0x00000000ebc00000, 0x0000000100000000)
  eden space 5120K, 0% used [0x00000000eab00000,0x00000000eab00000,0x00000000eb000000)
  from space 5120K, 93% used [0x00000000eb700000,0x00000000ebbaa000,0x00000000ebc00000)
  to   space 5632K, 0% used [0x00000000eb100000,0x00000000eb100000,0x00000000eb680000)
 ParOldGen       total 545280K, used 544956K [0x00000000c0000000, 0x00000000e1480000, 0x00000000eab00000)
  object space 545280K, 99% used [0x00000000c0000000,0x00000000e142f388,0x00000000e1480000)
 Metaspace       used 95456K, committed 97344K, reserved 1179648K
  class space    used 9828K, committed 10688K, reserved 1048576K
}
Event: 767.563 GC heap before
{Heap before GC invocations=1562 (full 6):
 PSYoungGen      total 10240K, used 9896K [0x00000000eab00000, 0x00000000ebc00000, 0x0000000100000000)
  eden space 5120K, 100% used [0x00000000eab00000,0x00000000eb000000,0x00000000eb000000)
  from space 5120K, 93% used [0x00000000eb700000,0x00000000ebbaa000,0x00000000ebc00000)
  to   space 5632K, 0% used [0x00000000eb100000,0x00000000eb100000,0x00000000eb680000)
 ParOldGen       total 577024K, used 575676K [0x00000000c0000000, 0x00000000e3380000, 0x00000000eab00000)
  object space 577024K, 99% used [0x00000000c0000000,0x00000000e322f3b8,0x00000000e3380000)
 Metaspace       used 95457K, committed 97344K, reserved 1179648K
  class space    used 9828K, committed 10688K, reserved 1048576K
}
Event: 767.576 GC heap after
{Heap after GC invocations=1562 (full 6):
 PSYoungGen      total 10752K, used 5607K [0x00000000eab00000, 0x00000000ec200000, 0x0000000100000000)
  eden space 5120K, 0% used [0x00000000eab00000,0x00000000eab00000,0x00000000eb000000)
  from space 5632K, 99% used [0x00000000eb100000,0x00000000eb679c90,0x00000000eb680000)
  to   space 9216K, 0% used [0x00000000eb900000,0x00000000eb900000,0x00000000ec200000)
 ParOldGen       total 578560K, used 578252K [0x00000000c0000000, 0x00000000e3500000, 0x00000000eab00000)
  object space 578560K, 99% used [0x00000000c0000000,0x00000000e34b33b8,0x00000000e3500000)
 Metaspace       used 95457K, committed 97344K, reserved 1179648K
  class space    used 9828K, committed 10688K, reserved 1048576K
}
Event: 769.095 GC heap before
{Heap before GC invocations=1563 (full 6):
 PSYoungGen      total 10752K, used 10727K [0x00000000eab00000, 0x00000000ec200000, 0x0000000100000000)
  eden space 5120K, 100% used [0x00000000eab00000,0x00000000eb000000,0x00000000eb000000)
  from space 5632K, 99% used [0x00000000eb100000,0x00000000eb679c90,0x00000000eb680000)
  to   space 9216K, 0% used [0x00000000eb900000,0x00000000eb900000,0x00000000ec200000)
 ParOldGen       total 578560K, used 578252K [0x00000000c0000000, 0x00000000e3500000, 0x00000000eab00000)
  object space 578560K, 99% used [0x00000000c0000000,0x00000000e34b33b8,0x00000000e3500000)
 Metaspace       used 95459K, committed 97344K, reserved 1179648K
  class space    used 9828K, committed 10688K, reserved 1048576K
}
Event: 769.110 GC heap after
{Heap after GC invocations=1563 (full 6):
 PSYoungGen      total 9216K, used 3616K [0x00000000eab00000, 0x00000000ebd00000, 0x0000000100000000)
  eden space 5120K, 0% used [0x00000000eab00000,0x00000000eab00000,0x00000000eb000000)
  from space 4096K, 88% used [0x00000000eb900000,0x00000000ebc88000,0x00000000ebd00000)
  to   space 5632K, 0% used [0x00000000eb200000,0x00000000eb200000,0x00000000eb780000)
 ParOldGen       total 584192K, used 583900K [0x00000000c0000000, 0x00000000e3a80000, 0x00000000eab00000)
  object space 584192K, 99% used [0x00000000c0000000,0x00000000e3a37048,0x00000000e3a80000)
 Metaspace       used 95459K, committed 97344K, reserved 1179648K
  class space    used 9828K, committed 10688K, reserved 1048576K
}
Event: 776.571 GC heap before
{Heap before GC invocations=1564 (full 6):
 PSYoungGen      total 9216K, used 8644K [0x00000000eab00000, 0x00000000ebd00000, 0x0000000100000000)
  eden space 5120K, 98% used [0x00000000eab00000,0x00000000eafe92c0,0x00000000eb000000)
  from space 4096K, 88% used [0x00000000eb900000,0x00000000ebc88000,0x00000000ebd00000)
  to   space 5632K, 0% used [0x00000000eb200000,0x00000000eb200000,0x00000000eb780000)
 ParOldGen       total 584192K, used 583900K [0x00000000c0000000, 0x00000000e3a80000, 0x00000000eab00000)
  object space 584192K, 99% used [0x00000000c0000000,0x00000000e3a37048,0x00000000e3a80000)
 Metaspace       used 95468K, committed 97344K, reserved 1179648K
  class space    used 9829K, committed 10688K, reserved 1048576K
}
Event: 777.306 GC heap after
{Heap after GC invocations=1564 (full 6):
 PSYoungGen      total 10752K, used 5632K [0x00000000eab00000, 0x00000000ebe00000, 0x0000000100000000)
  eden space 5120K, 0% used [0x00000000eab00000,0x00000000eab00000,0x00000000eb000000)
  from space 5632K, 100% used [0x00000000eb200000,0x00000000eb780000,0x00000000eb780000)
  to   space 6656K, 0% used [0x00000000eb780000,0x00000000eb780000,0x00000000ebe00000)
 ParOldGen       total 584704K, used 584484K [0x00000000c0000000, 0x00000000e3b00000, 0x00000000eab00000)
  object space 584704K, 99% used [0x00000000c0000000,0x00000000e3ac9048,0x00000000e3b00000)
 Metaspace       used 95468K, committed 97344K, reserved 1179648K
  class space    used 9829K, committed 10688K, reserved 1048576K
}
Event: 778.498 GC heap before
{Heap before GC invocations=1565 (full 6):
 PSYoungGen      total 10752K, used 10752K [0x00000000eab00000, 0x00000000ebe00000, 0x0000000100000000)
  eden space 5120K, 100% used [0x00000000eab00000,0x00000000eb000000,0x00000000eb000000)
  from space 5632K, 100% used [0x00000000eb200000,0x00000000eb780000,0x00000000eb780000)
  to   space 6656K, 0% used [0x00000000eb780000,0x00000000eb780000,0x00000000ebe00000)
 ParOldGen       total 584704K, used 584484K [0x00000000c0000000, 0x00000000e3b00000, 0x00000000eab00000)
  object space 584704K, 99% used [0x00000000c0000000,0x00000000e3ac9048,0x00000000e3b00000)
 Metaspace       used 95472K, committed 97344K, reserved 1179648K
  class space    used 9829K, committed 10688K, reserved 1048576K
}
Event: 778.515 GC heap after
{Heap after GC invocations=1565 (full 6):
 PSYoungGen      total 5632K, used 128K [0x00000000eab00000, 0x00000000eb800000, 0x0000000100000000)
  eden space 5120K, 0% used [0x00000000eab00000,0x00000000eab00000,0x00000000eb000000)
  from space 512K, 25% used [0x00000000eb780000,0x00000000eb7a0000,0x00000000eb800000)
  to   space 2560K, 0% used [0x00000000eb300000,0x00000000eb300000,0x00000000eb580000)
 ParOldGen       total 590336K, used 590044K [0x00000000c0000000, 0x00000000e4080000, 0x00000000eab00000)
  object space 590336K, 99% used [0x00000000c0000000,0x00000000e4037048,0x00000000e4080000)
 Metaspace       used 95472K, committed 97344K, reserved 1179648K
  class space    used 9829K, committed 10688K, reserved 1048576K
}
Event: 819.515 GC heap before
{Heap before GC invocations=1566 (full 6):
 PSYoungGen      total 5632K, used 5248K [0x00000000eab00000, 0x00000000eb800000, 0x0000000100000000)
  eden space 5120K, 100% used [0x00000000eab00000,0x00000000eb000000,0x00000000eb000000)
  from space 512K, 25% used [0x00000000eb780000,0x00000000eb7a0000,0x00000000eb800000)
  to   space 2560K, 0% used [0x00000000eb300000,0x00000000eb300000,0x00000000eb580000)
 ParOldGen       total 590336K, used 590044K [0x00000000c0000000, 0x00000000e4080000, 0x00000000eab00000)
  object space 590336K, 99% used [0x00000000c0000000,0x00000000e4037048,0x00000000e4080000)
 Metaspace       used 95487K, committed 97344K, reserved 1179648K
  class space    used 9829K, committed 10688K, reserved 1048576K
}
Event: 819.995 GC heap after
{Heap after GC invocations=1566 (full 6):
 PSYoungGen      total 7680K, used 128K [0x00000000eab00000, 0x00000000eb800000, 0x0000000100000000)
  eden space 5120K, 0% used [0x00000000eab00000,0x00000000eab00000,0x00000000eb000000)
  from space 2560K, 5% used [0x00000000eb300000,0x00000000eb320000,0x00000000eb580000)
  to   space 512K, 0% used [0x00000000eb780000,0x00000000eb780000,0x00000000eb800000)
 ParOldGen       total 590336K, used 590052K [0x00000000c0000000, 0x00000000e4080000, 0x00000000eab00000)
  object space 590336K, 99% used [0x00000000c0000000,0x00000000e4039048,0x00000000e4080000)
 Metaspace       used 95487K, committed 97344K, reserved 1179648K
  class space    used 9829K, committed 10688K, reserved 1048576K
}
Event: 859.784 GC heap before
{Heap before GC invocations=1567 (full 6):
 PSYoungGen      total 7680K, used 5248K [0x00000000eab00000, 0x00000000eb800000, 0x0000000100000000)
  eden space 5120K, 100% used [0x00000000eab00000,0x00000000eb000000,0x00000000eb000000)
  from space 2560K, 5% used [0x00000000eb300000,0x00000000eb320000,0x00000000eb580000)
  to   space 512K, 0% used [0x00000000eb780000,0x00000000eb780000,0x00000000eb800000)
 ParOldGen       total 590336K, used 590052K [0x00000000c0000000, 0x00000000e4080000, 0x00000000eab00000)
  object space 590336K, 99% used [0x00000000c0000000,0x00000000e4039048,0x00000000e4080000)
 Metaspace       used 95492K, committed 97344K, reserved 1179648K
  class space    used 9829K, committed 10688K, reserved 1048576K
}
Event: 860.174 GC heap after
{Heap after GC invocations=1567 (full 6):
 PSYoungGen      total 5632K, used 484K [0x00000000eab00000, 0x00000000eb800000, 0x0000000100000000)
  eden space 5120K, 0% used [0x00000000eab00000,0x00000000eab00000,0x00000000eb000000)
  from space 512K, 94% used [0x00000000eb780000,0x00000000eb7f9210,0x00000000eb800000)
  to   space 1024K, 0% used [0x00000000eb600000,0x00000000eb600000,0x00000000eb700000)
 ParOldGen       total 590336K, used 590188K [0x00000000c0000000, 0x00000000e4080000, 0x00000000eab00000)
  object space 590336K, 99% used [0x00000000c0000000,0x00000000e405b048,0x00000000e4080000)
 Metaspace       used 95492K, committed 97344K, reserved 1179648K
  class space    used 9829K, committed 10688K, reserved 1048576K
}

